<?xml version="1.0" encoding="UTF-8"?>
<!-- Generated by org.testng.reporters.JUnitReportReporter -->
<testsuite skipped="0" hostname="DESKTOP-QN7LTG3" name="Basictestng.basic" tests="1" failures="0" timestamp="13 Oct 2023 06:38:50 GMT" time="0.001" errors="0">
  <testcase name="m1" time="0.001" classname="Basictestng.basic"/>
</testsuite> <!-- Basictestng.basic -->
