<?xml version="1.0" encoding="UTF-8"?>
<!-- Generated by org.testng.reporters.JUnitReportReporter -->
<testsuite skipped="0" hostname="DESKTOP-QN7LTG3" name="Basic1" tests="4" failures="0" timestamp="11 Oct 2023 06:28:13 GMT" time="0.009" errors="0">
  <testcase name="m1" time="0.001" classname="Basic1"/>
  <testcase name="z1" time="0.001" classname="Basic1"/>
  <testcase name="a1" time="0.007" classname="Basic1"/>
  <testcase name="c1" time="0.000" classname="Basic1"/>
</testsuite> <!-- Basic1 -->
