<?xml version="1.0" encoding="UTF-8"?>
<!-- Generated by org.testng.reporters.JUnitReportReporter -->
<testsuite skipped="0" hostname="DESKTOP-QN7LTG3" name="TestNGlearn.Parameterdemo" tests="1" failures="0" timestamp="20 Oct 2023 12:31:50 GMT" time="0.007" errors="0">
  <testcase name="calculation" time="0.007" classname="TestNGlearn.Parameterdemo"/>
</testsuite> <!-- TestNGlearn.Parameterdemo -->
