<?xml version="1.0" encoding="UTF-8"?>
<!-- Generated by org.testng.reporters.JUnitReportReporter -->
<testsuite skipped="0" hostname="DESKTOP-QN7LTG3" name="TestNGlearn.Secondtest" tests="3" failures="0" timestamp="20 Oct 2023 08:04:37 GMT" time="0.003" errors="0">
  <testcase name="login_application_patient" time="0.001" classname="TestNGlearn.Secondtest"/>
  <testcase name="profileEdit" time="0.001" classname="TestNGlearn.Secondtest"/>
  <testcase name="logout" time="0.001" classname="TestNGlearn.Secondtest"/>
</testsuite> <!-- TestNGlearn.Secondtest -->
