<?xml version="1.0" encoding="UTF-8"?>
<!-- Generated by org.testng.reporters.JUnitReportReporter -->
<testsuite skipped="0" hostname="DESKTOP-QN7LTG3" name="TestNGlearn.Firsttestng" tests="3" failures="0" timestamp="20 Oct 2023 08:04:37 GMT" time="0.005" errors="0">
  <testcase name="applicationFormClickevent" time="0.003" classname="TestNGlearn.Firsttestng"/>
  <testcase name="profile" time="0.001" classname="TestNGlearn.Firsttestng"/>
  <testcase name="login_application" time="0.001" classname="TestNGlearn.Firsttestng"/>
</testsuite> <!-- TestNGlearn.Firsttestng -->
