<?xml version="1.0" encoding="UTF-8"?>
<!-- Generated by org.testng.reporters.JUnitReportReporter -->
<testsuite skipped="0" hostname="DESKTOP-QN7LTG3" name="TestNGlearn.LaunchApplicationtestng" tests="2" failures="0" timestamp="20 Oct 2023 07:33:14 GMT" time="16.409" errors="0">
  <testcase name="launchApplication" time="12.670" classname="TestNGlearn.LaunchApplicationtestng"/>
  <testcase name="close" time="3.739" classname="TestNGlearn.LaunchApplicationtestng"/>
</testsuite> <!-- TestNGlearn.LaunchApplicationtestng -->
