<?xml version="1.0" encoding="UTF-8"?>
<!-- Generated by org.testng.reporters.JUnitReportReporter -->
<testsuite skipped="0" hostname="DESKTOP-QN7LTG3" name="TestNGlearn.Multibrowsertest" tests="1" failures="0" timestamp="21 Oct 2023 09:29:31 GMT" time="5.400" errors="0">
  <testcase name="loginapp" time="5.400" classname="TestNGlearn.Multibrowsertest"/>
</testsuite> <!-- TestNGlearn.Multibrowsertest -->
