<?xml version="1.0" encoding="UTF-8"?>
<!-- Generated by org.testng.reporters.JUnitReportReporter -->
<testsuite skipped="0" hostname="DESKTOP-QN7LTG3" name="TestNGlearn.Thirdtestng" tests="2" failures="0" timestamp="20 Oct 2023 08:10:53 GMT" time="0.005" errors="0">
  <testcase name="profileEditDoctor" time="0.001" classname="TestNGlearn.Thirdtestng"/>
  <testcase name="login_application_doctor" time="0.004" classname="TestNGlearn.Thirdtestng"/>
</testsuite> <!-- TestNGlearn.Thirdtestng -->
