<?xml version="1.0" encoding="UTF-8"?>
<!-- Generated by org.testng.reporters.JUnitReportReporter -->
<testsuite skipped="0" hostname="DESKTOP-QN7LTG3" name="Basictestng.Basic1" tests="4" failures="0" timestamp="13 Oct 2023 06:38:50 GMT" time="0.021" errors="0">
  <testcase name="m1" time="0.002" classname="Basictestng.Basic1"/>
  <testcase name="a1" time="0.016" classname="Basictestng.Basic1"/>
  <testcase name="c1" time="0.002" classname="Basictestng.Basic1"/>
  <testcase name="z1" time="0.001" classname="Basictestng.Basic1"/>
</testsuite> <!-- Basictestng.Basic1 -->
