<?xml version="1.0" encoding="UTF-8"?>
<!-- Generated by org.testng.reporters.JUnitReportReporter -->
<testsuite skipped="0" hostname="DESKTOP-QN7LTG3" name="TestNGlearn.ReadExceldemo" tests="1" failures="0" timestamp="19 Oct 2023 06:39:46 GMT" time="17.278" errors="0">
  <testcase name="readExcel" time="17.278" classname="TestNGlearn.ReadExceldemo"/>
</testsuite> <!-- TestNGlearn.ReadExceldemo -->
